<?xml version="1.0" encoding="UTF-8"?>
<!-- Generated by org.testng.reporters.JUnitXMLReporter -->
<testsuite ignored="0" hostname="DESKTOP-BLVPS1S" failures="0" tests="5" name="Default test" time="25.04" errors="0" timestamp="2024-09-24T13:20:46 IST">
  <testcase classname="TestNG.TestNGdemo" name="setup" time="19.214"/>
  <testcase classname="TestNG.TestNGdemo" name="Enter_FullName" time="0.411"/>
  <testcase classname="TestNG.TestNGdemo" name="Enter_Email" time="0.516"/>
  <testcase classname="TestNG.TestNGdemo" name="Click_On_Signup_Button" time="4.652"/>
  <testcase classname="TestNG.TestNGdemo" name="teardown" time="0.025"/>
</testsuite> <!-- Default test -->
