<?xml version="1.0" encoding="UTF-8"?>
<testng-results ignored="0" total="5" passed="5" failed="0" skipped="0">
  <reporter-output>
  </reporter-output>
  <suite started-at="2024-09-24T13:20:21 IST" name="Default suite" finished-at="2024-09-24T13:20:46 IST" duration-ms="25040">
    <groups>
    </groups>
    <test started-at="2024-09-24T13:20:21 IST" name="Default test" finished-at="2024-09-24T13:20:46 IST" duration-ms="25040">
      <class name="TestNG.TestNGdemo">
        <test-method signature="setup()[pri:0, instance:TestNG.TestNGdemo@5fbdfdcf]" started-at="2024-09-24T13:20:21 IST" name="setup" finished-at="2024-09-24T13:20:41 IST" duration-ms="19214" status="PASS">
          <reporter-output>
          </reporter-output>
        </test-method> <!-- setup -->
        <test-method signature="Enter_FullName()[pri:1, instance:TestNG.TestNGdemo@5fbdfdcf]" started-at="2024-09-24T13:20:41 IST" name="Enter_FullName" finished-at="2024-09-24T13:20:41 IST" duration-ms="411" status="PASS">
          <reporter-output>
          </reporter-output>
        </test-method> <!-- Enter_FullName -->
        <test-method signature="Enter_Email()[pri:2, instance:TestNG.TestNGdemo@5fbdfdcf]" started-at="2024-09-24T13:20:41 IST" name="Enter_Email" finished-at="2024-09-24T13:20:42 IST" duration-ms="516" status="PASS">
          <reporter-output>
          </reporter-output>
        </test-method> <!-- Enter_Email -->
        <test-method signature="Click_On_Signup_Button()[pri:3, instance:TestNG.TestNGdemo@5fbdfdcf]" started-at="2024-09-24T13:20:42 IST" name="Click_On_Signup_Button" finished-at="2024-09-24T13:20:46 IST" duration-ms="4652" status="PASS">
          <reporter-output>
          </reporter-output>
        </test-method> <!-- Click_On_Signup_Button -->
        <test-method signature="teardown()[pri:4, instance:TestNG.TestNGdemo@5fbdfdcf]" started-at="2024-09-24T13:20:46 IST" name="teardown" finished-at="2024-09-24T13:20:46 IST" duration-ms="25" status="PASS">
          <reporter-output>
          </reporter-output>
        </test-method> <!-- teardown -->
      </class> <!-- TestNG.TestNGdemo -->
    </test> <!-- Default test -->
  </suite> <!-- Default suite -->
</testng-results>
